<?xml version="1.0" encoding="UTF-8"?>
<!-- Generated by org.testng.reporters.JUnitXMLReporter -->
<testsuite ignored="0" hostname="Aadish" failures="0" tests="2" name="EdgeTest" time="5.878" errors="0" timestamp="2022-09-30T12:21:03 IST">
  <testcase classname="testPackage.TestNG_Facebook_Messenger" name="@BeforeMethod open_Facebook" time="1.288">
    <failure type="java.lang.NullPointerException" message="Cannot invoke &amp;quot;faceBookPages.LoginPage.enterUser(String)&amp;quot; because &amp;quot;this.loginPage&amp;quot; is null">
      <![CDATA[java.lang.NullPointerException: Cannot invoke "faceBookPages.LoginPage.enterUser(String)" because "this.loginPage" is null
at testPackage.TestNG_Facebook_Messenger.open_Facebook(TestNG_Facebook_Messenger.java:67)
at java.base/java.util.concurrent.ThreadPoolExecutor.runWorker(ThreadPoolExecutor.java:1136)
at java.base/java.util.concurrent.ThreadPoolExecutor$Worker.run(ThreadPoolExecutor.java:635)
at java.base/java.lang.Thread.run(Thread.java:833)
... Removed 14 stack frames]]>
    </failure>
  </testcase> <!-- @BeforeMethod open_Facebook -->
  <testcase classname="testPackage.TestNG_Facebook_Messenger" name="@AfterClass removeObjects" time="-1.66452066342E9">
    <skipped/>
  </testcase> <!-- @AfterClass removeObjects -->
  <testcase classname="testPackage.TestNG_Facebook_Messenger" name="@AfterTest closeBrowser" time="-1.664520663428E9">
    <skipped/>
  </testcase> <!-- @AfterTest closeBrowser -->
  <testcase classname="testPackage.TestNG_Facebook_Messenger" name="removeObjects" time="0.0"/>
  <testcase classname="testPackage.TestNG_Facebook_Messenger" name="verify_Rooms_page" time="0.0">
    <skipped/>
  </testcase> <!-- verify_Rooms_page -->
</testsuite> <!-- EdgeTest -->
